<?xml version="1.0" encoding="UTF-8"?>
<!-- Generated by org.testng.reporters.JUnitXMLReporter -->
<testsuite ignored="0" hostname="SALT247" failures="0" tests="4" name="A" time="248.467" errors="0" timestamp="2024-01-19T13:39:01 IST">
  <testcase classname="com.tptrac.testscript.UserManagementModule" name="testAddUser" time="36.339"/>
  <testcase classname="com.tptrac.testscript.UserManagementModule" name="verifyAuditorUserDetails" time="25.208"/>
  <testcase classname="com.tptrac.testscript.UserManagementModule" name="testUpdateUser" time="24.296"/>
  <testcase classname="com.tptrac.testscript.UserManagementModule" name="testDeleteUser" time="32.089"/>
</testsuite> <!-- A -->
