<?xml version="1.0" encoding="UTF-8"?>
<!-- Generated by org.testng.reporters.JUnitXMLReporter -->
<testsuite ignored="0" hostname="SALT247" failures="0" tests="2" name="B" time="117.838" errors="0" timestamp="2024-01-19T13:40:59 IST">
  <testcase classname="com.tptrac.testscript.VendorCateoryManagementModule" name="AddVendorCateory" time="20.871"/>
  <testcase classname="com.tptrac.testscript.VendorCateoryManagementModule" name="VeiwvendorCategoryDetails" time="32.242"/>
</testsuite> <!-- B -->
