<?xml version="1.0" encoding="UTF-8"?>
<!-- Generated by org.testng.reporters.JUnitXMLReporter -->
<testsuite ignored="11" hostname="SALT247" failures="2" tests="3" name="Test" time="23.065" errors="0" timestamp="2025-10-16T12:09:18 IST">
  <testcase classname="com.tptrac.testscript.UserManagementModule" name="VerifyUsersTab" time="3.46"/>
  <testcase classname="com.tptrac.testscript.UserManagementModule" name="testAddUserBlankField" time="5.36">
    <failure type="org.openqa.selenium.NoSuchElementException" message="Unable to find element with locator By.xpath: //button[normalize-space()=&amp;apos;Add New User&amp;apos;]
For documentation on this error, please visit: https://www.selenium.dev/documentation/webdriver/troubleshooting/errors#no-such-element-exception
Build info: version: &amp;apos;4.17.0&amp;apos;, revision: &amp;apos;e52b1be057*&amp;apos;
System info: os.name: &amp;apos;Windows 11&amp;apos;, os.arch: &amp;apos;amd64&amp;apos;, os.version: &amp;apos;10.0&amp;apos;, java.version: &amp;apos;17.0.6&amp;apos;
Driver info: driver.version: RemoteWebDriver">
      <![CDATA[org.openqa.selenium.NoSuchElementException: Unable to find element with locator By.xpath: //button[normalize-space()='Add New User']
For documentation on this error, please visit: https://www.selenium.dev/documentation/webdriver/troubleshooting/errors#no-such-element-exception
Build info: version: '4.17.0', revision: 'e52b1be057*'
System info: os.name: 'Windows 11', os.arch: 'amd64', os.version: '10.0', java.version: '17.0.6'
Driver info: driver.version: RemoteWebDriver
at org.openqa.selenium.remote.ElementLocation$ElementFinder$2.findElement(ElementLocation.java:168)
at org.openqa.selenium.remote.ElementLocation.findElement(ElementLocation.java:59)
at org.openqa.selenium.remote.RemoteWebDriver.findElement(RemoteWebDriver.java:356)
at org.openqa.selenium.remote.RemoteWebDriver.findElement(RemoteWebDriver.java:350)
at org.openqa.selenium.support.pagefactory.DefaultElementLocator.findElement(DefaultElementLocator.java:68)
at org.openqa.selenium.support.pagefactory.internal.LocatingElementHandler.invoke(LocatingElementHandler.java:38)
at jdk.proxy2/jdk.proxy2.$Proxy34.click(Unknown Source)
at com.tptrac.testscript.UserManagementModule.testAddUserBlankField(UserManagementModule.java:92)
at java.base/java.util.ArrayList.forEach(ArrayList.java:1511)
... Removed 27 stack frames]]>
    </failure>
  </testcase> <!-- testAddUserBlankField -->
  <testcase classname="com.tptrac.testscript.UserManagementModule" name="testAddUserBlankField" time="5.374">
    <failure type="org.openqa.selenium.NoSuchWindowException" message="no such window: target window already closed
from unknown error: web view not found
  (Session info: chrome=141.0.7390.67)
Build info: version: &amp;apos;4.17.0&amp;apos;, revision: &amp;apos;e52b1be057*&amp;apos;
System info: os.name: &amp;apos;Windows 11&amp;apos;, os.arch: &amp;apos;amd64&amp;apos;, os.version: &amp;apos;10.0&amp;apos;, java.version: &amp;apos;17.0.6&amp;apos;
Driver info: org.openqa.selenium.chrome.ChromeDriver
Command: [dc5d26285b954f3d8eaf7c2d013fe5d6, screenshot {}]
Capabilities {acceptInsecureCerts: false, browserName: chrome, browserVersion: 141.0.7390.67, chrome: {chromedriverVersion: 141.0.7390.78 (2b53b0e231fc..., userDataDir: C:\Users\NIRANJ~1\AppData\L...}, fedcm:accounts: true, goog:chromeOptions: {debuggerAddress: localhost:53495}, networkConnectionEnabled: false, pageLoadStrategy: normal, platformName: windows, proxy: Proxy(), se:cdp: ws://localhost:53495/devtoo..., se:cdpVersion: 141.0.7390.67, setWindowRect: true, strictFileInteractability: false, timeouts: {implicit: 0, pageLoad: 300000, script: 30000}, unhandledPromptBehavior: dismiss and notify, webauthn:extension:credBlob: true, webauthn:extension:largeBlob: true, webauthn:extension:minPinLength: true, webauthn:extension:prf: true, webauthn:virtualAuthenticators: true}
Session ID: dc5d26285b954f3d8eaf7c2d013fe5d6">
      <![CDATA[org.openqa.selenium.NoSuchWindowException: no such window: target window already closed
from unknown error: web view not found
  (Session info: chrome=141.0.7390.67)
Build info: version: '4.17.0', revision: 'e52b1be057*'
System info: os.name: 'Windows 11', os.arch: 'amd64', os.version: '10.0', java.version: '17.0.6'
Driver info: org.openqa.selenium.chrome.ChromeDriver
Command: [dc5d26285b954f3d8eaf7c2d013fe5d6, screenshot {}]
Capabilities {acceptInsecureCerts: false, browserName: chrome, browserVersion: 141.0.7390.67, chrome: {chromedriverVersion: 141.0.7390.78 (2b53b0e231fc..., userDataDir: C:\Users\NIRANJ~1\AppData\L...}, fedcm:accounts: true, goog:chromeOptions: {debuggerAddress: localhost:53495}, networkConnectionEnabled: false, pageLoadStrategy: normal, platformName: windows, proxy: Proxy(), se:cdp: ws://localhost:53495/devtoo..., se:cdpVersion: 141.0.7390.67, setWindowRect: true, strictFileInteractability: false, timeouts: {implicit: 0, pageLoad: 300000, script: 30000}, unhandledPromptBehavior: dismiss and notify, webauthn:extension:credBlob: true, webauthn:extension:largeBlob: true, webauthn:extension:minPinLength: true, webauthn:extension:prf: true, webauthn:virtualAuthenticators: true}
Session ID: dc5d26285b954f3d8eaf7c2d013fe5d6
at org.openqa.selenium.remote.codec.w3c.W3CHttpResponseCodec.createException(W3CHttpResponseCodec.java:185)
at org.openqa.selenium.remote.codec.w3c.W3CHttpResponseCodec.decode(W3CHttpResponseCodec.java:134)
at org.openqa.selenium.remote.codec.w3c.W3CHttpResponseCodec.decode(W3CHttpResponseCodec.java:51)
at org.openqa.selenium.remote.HttpCommandExecutor.execute(HttpCommandExecutor.java:190)
at org.openqa.selenium.remote.service.DriverCommandExecutor.invokeExecute(DriverCommandExecutor.java:216)
at org.openqa.selenium.remote.service.DriverCommandExecutor.execute(DriverCommandExecutor.java:174)
at org.openqa.selenium.remote.RemoteWebDriver.execute(RemoteWebDriver.java:519)
at org.openqa.selenium.remote.RemoteWebDriver.execute(RemoteWebDriver.java:592)
at org.openqa.selenium.remote.RemoteWebDriver.execute(RemoteWebDriver.java:596)
at org.openqa.selenium.remote.RemoteWebDriver.getScreenshotAs(RemoteWebDriver.java:322)
at com.tptrac.generic.ExtentListener.onTestFailure(ExtentListener.java:89)
at java.base/java.util.ArrayList.forEach(ArrayList.java:1511)
... Removed 29 stack frames]]>
    </failure>
  </testcase> <!-- testAddUserBlankField -->
  <testcase classname="com.tptrac.generic.BaseClass1" name="@BeforeSuite deleteDataQueries" time="0.0">
    <ignored/>
  </testcase> <!-- @BeforeSuite deleteDataQueries -->
  <testcase classname="com.tptrac.testscript.UserManagementModule" name="testUpdateLocalAuditorUser" time="0.0">
    <ignored/>
  </testcase> <!-- testUpdateLocalAuditorUser -->
  <testcase classname="com.tptrac.testscript.UserManagementModule" name="testAddLocalAuditorUser" time="0.0">
    <ignored/>
  </testcase> <!-- testAddLocalAuditorUser -->
  <testcase classname="com.tptrac.generic.BaseClass1" name="@BeforeSuite deleteDataQueries" time="0.0">
    <ignored/>
  </testcase> <!-- @BeforeSuite deleteDataQueries -->
  <testcase classname="com.tptrac.testscript.UserManagementModule" name="ChangeLocalAuditorUserStatus" time="0.0">
    <ignored/>
  </testcase> <!-- ChangeLocalAuditorUserStatus -->
  <testcase classname="com.tptrac.generic.BaseClass1" name="@AfterSuite sendEmailPost" time="0.0">
    <ignored/>
  </testcase> <!-- @AfterSuite sendEmailPost -->
  <testcase classname="com.tptrac.testscript.UserManagementModule" name="verifyAuditorUserDetails" time="0.0">
    <ignored/>
  </testcase> <!-- verifyAuditorUserDetails -->
  <testcase classname="com.tptrac.testscript.UserManagementModule" name="DisabledLocalAuditorUser" time="0.0">
    <ignored/>
  </testcase> <!-- DisabledLocalAuditorUser -->
  <testcase classname="com.tptrac.generic.BaseClass1" name="@AfterSuite sendEmailPost" time="0.0">
    <ignored/>
  </testcase> <!-- @AfterSuite sendEmailPost -->
  <testcase classname="com.tptrac.generic.BaseClass1" name="@BeforeSuite deleteDataQueries" time="0.0">
    <ignored/>
  </testcase> <!-- @BeforeSuite deleteDataQueries -->
  <testcase classname="com.tptrac.generic.BaseClass1" name="@AfterSuite sendEmailPost" time="0.0">
    <ignored/>
  </testcase> <!-- @AfterSuite sendEmailPost -->
</testsuite> <!-- Test -->
