<?xml version="1.0" encoding="UTF-8"?>
<!-- Generated by org.testng.reporters.JUnitReportReporter -->
<testsuite hostname="SALT247" failures="1" tests="13" name="com.tptrac.testscript.UserManagementModule" time="138.861" errors="0" timestamp="2025-10-08T18:39:17 IST" skipped="5">
  <testcase classname="com.tptrac.testscript.UserManagementModule" name="VerifyUsersTab" time="3.181"/>
  <system-out>
    <![CDATA[VerifyUsersTab]]>
  </system-out>
  <testcase classname="com.tptrac.testscript.UserManagementModule" name="testAddUserBlankField" time="11.081"/>
  <system-out>
    <![CDATA[AddUser
User ID assertion passed]]>
  </system-out>
  <testcase classname="com.tptrac.testscript.UserManagementModule" name="testAddADAuditorUser" time="15.370"/>
  <system-out>
    <![CDATA[AddAuditorUser]]>
  </system-out>
  <testcase classname="com.tptrac.testscript.UserManagementModule" name="testUpdateADAuditorUser" time="11.740"/>
  <system-out>
    <![CDATA[UpdateADauditorUser]]>
  </system-out>
  <testcase classname="com.tptrac.testscript.UserManagementModule" name="searchUser" time="14.239"/>
  <system-out>
    <![CDATA[search AD auditor user]]>
  </system-out>
  <testcase classname="com.tptrac.testscript.UserManagementModule" name="testDisabledADAuditorUser" time="26.688">
    <failure message="User still appears in the list after deactivation." type="java.lang.AssertionError">
      <![CDATA[java.lang.AssertionError: User still appears in the list after deactivation.
at org.testng.Assert.fail(Assert.java:110)
at com.tptrac.testscript.UserManagementModule.testDisabledADAuditorUser(UserManagementModule.java:681)
at java.base/jdk.internal.reflect.NativeMethodAccessorImpl.invoke0(Native Method)
at java.base/jdk.internal.reflect.NativeMethodAccessorImpl.invoke(NativeMethodAccessorImpl.java:77)
at java.base/jdk.internal.reflect.DelegatingMethodAccessorImpl.invoke(DelegatingMethodAccessorImpl.java:43)
at java.base/java.lang.reflect.Method.invoke(Method.java:568)
at org.testng.internal.invokers.MethodInvocationHelper.invokeMethod(MethodInvocationHelper.java:139)
at org.testng.internal.invokers.TestInvoker.invokeMethod(TestInvoker.java:677)
at org.testng.internal.invokers.TestInvoker.invokeTestMethod(TestInvoker.java:221)
at org.testng.internal.invokers.MethodRunner.runInSequence(MethodRunner.java:50)
at org.testng.internal.invokers.TestInvoker$MethodInvocationAgent.invoke(TestInvoker.java:969)
at org.testng.internal.invokers.TestInvoker.invokeTestMethods(TestInvoker.java:194)
at org.testng.internal.invokers.TestMethodWorker.invokeTestMethods(TestMethodWorker.java:148)
at org.testng.internal.invokers.TestMethodWorker.run(TestMethodWorker.java:128)
at java.base/java.util.ArrayList.forEach(ArrayList.java:1511)
at org.testng.TestRunner.privateRun(TestRunner.java:829)
at org.testng.TestRunner.run(TestRunner.java:602)
at org.testng.SuiteRunner.runTest(SuiteRunner.java:437)
at org.testng.SuiteRunner.runSequentially(SuiteRunner.java:431)
at org.testng.SuiteRunner.privateRun(SuiteRunner.java:391)
at org.testng.SuiteRunner.run(SuiteRunner.java:330)
at org.testng.SuiteRunnerWorker.runSuite(SuiteRunnerWorker.java:52)
at org.testng.SuiteRunnerWorker.run(SuiteRunnerWorker.java:95)
at org.testng.TestNG.runSuitesSequentially(TestNG.java:1256)
at org.testng.TestNG.runSuitesLocally(TestNG.java:1176)
at org.testng.TestNG.runSuites(TestNG.java:1099)
at org.testng.TestNG.run(TestNG.java:1067)
at org.testng.remote.AbstractRemoteTestNG.run(AbstractRemoteTestNG.java:115)
at org.testng.remote.RemoteTestNG.initAndRun(RemoteTestNG.java:293)
at org.testng.remote.RemoteTestNG.main(RemoteTestNG.java:91)
]]>
    </failure>
  </testcase> <!-- testDisabledADAuditorUser -->
  <system-out>
    <![CDATA[AddAuditorUser]]>
  </system-out>
  <testcase classname="com.tptrac.testscript.UserManagementModule" name="ChangeADAuditorUserStatus" time="36.459"/>
  <system-out>
    <![CDATA[ Started Change User Status]]>
  </system-out>
  <testcase classname="com.tptrac.testscript.UserManagementModule" name="ExportExcel" time="20.103"/>
  <system-out>
    <![CDATA[Started Excel export process]]>
  </system-out>
  <testcase classname="com.tptrac.testscript.UserManagementModule" name="testUpdateLocalAuditorUser">
    <skipped/>
  </testcase> <!-- testUpdateLocalAuditorUser -->
  <system-out/>
  <testcase classname="com.tptrac.testscript.UserManagementModule" name="testAddLocalAuditorUser">
    <skipped/>
  </testcase> <!-- testAddLocalAuditorUser -->
  <system-out/>
  <testcase classname="com.tptrac.testscript.UserManagementModule" name="ChangeLocalAuditorUserStatus">
    <skipped/>
  </testcase> <!-- ChangeLocalAuditorUserStatus -->
  <system-out/>
  <testcase classname="com.tptrac.testscript.UserManagementModule" name="verifyAuditorUserDetails">
    <skipped/>
  </testcase> <!-- verifyAuditorUserDetails -->
  <system-out/>
  <testcase classname="com.tptrac.testscript.UserManagementModule" name="DisabledLocalAuditorUser">
    <skipped/>
  </testcase> <!-- DisabledLocalAuditorUser -->
  <system-out/>
</testsuite> <!-- com.tptrac.testscript.UserManagementModule -->
