<?xml version="1.0" encoding="UTF-8"?>
<!-- Generated by org.testng.reporters.JUnitReportReporter -->
<testsuite hostname="SALT247" failures="0" tests="2" name="com.tptrac.testscript.UpdateVendorCategory" time="41.433" errors="0" timestamp="2025-10-08T18:39:17 IST" skipped="0">
  <testcase classname="com.tptrac.testscript.UpdateVendorCategory" name="UpdateVendorCateory" time="19.451"/>
  <system-out>
    <![CDATA[UpdateVendorCategory
assertTrue]]>
  </system-out>
  <testcase classname="com.tptrac.testscript.UpdateVendorCategory" name="searchVendorCategory" time="21.982"/>
  <system-out>
    <![CDATA[SearchVendorCategory]]>
  </system-out>
</testsuite> <!-- com.tptrac.testscript.UpdateVendorCategory -->
