<?xml version="1.0" encoding="UTF-8"?>
<!-- Generated by org.testng.reporters.JUnitReportReporter -->
<testsuite hostname="SALT247" failures="0" tests="5" name="com.tptrac.testscript.VendorCateoryManagementModule" time="46.350" errors="0" timestamp="2024-10-29T13:17:29 IST" skipped="4">
  <testcase classname="com.tptrac.testscript.VendorCateoryManagementModule" name="AddDuplicateVendorCateory" time="46.350"/>
  <system-out>
    <![CDATA[AddDuplicateVendorCateory
assertTrue]]>
  </system-out>
  <testcase classname="com.tptrac.testscript.VendorCateoryManagementModule" name="AddITVendorCateory">
    <skipped/>
  </testcase> <!-- AddITVendorCateory -->
  <system-out/>
  <testcase classname="com.tptrac.testscript.VendorCateoryManagementModule" name="VeiwvendorCategoryDetails">
    <skipped/>
  </testcase> <!-- VeiwvendorCategoryDetails -->
  <system-out/>
  <testcase classname="com.tptrac.testscript.VendorCateoryManagementModule" name="AddVendorCateory">
    <skipped/>
  </testcase> <!-- AddVendorCateory -->
  <system-out/>
  <testcase classname="com.tptrac.testscript.VendorCateoryManagementModule" name="searchVendorCategory">
    <skipped/>
  </testcase> <!-- searchVendorCategory -->
  <system-out/>
</testsuite> <!-- com.tptrac.testscript.VendorCateoryManagementModule -->
