<?xml version="1.0" encoding="UTF-8"?>
<!-- Generated by org.testng.reporters.JUnitReportReporter -->
<testsuite hostname="SALT247" failures="0" tests="7" name="com.tptrac.testscript.VendorUserManagement" time="139.343" errors="0" timestamp="2025-07-11T16:31:25 IST" skipped="0">
  <testcase classname="com.tptrac.testscript.VendorUserManagement" name="testAddVendorUser" time="9.633"/>
  <system-out>
    <![CDATA[AddVendorUser]]>
  </system-out>
  <testcase classname="com.tptrac.testscript.VendorUserManagement" name="verifyVendorUserDetails" time="23.710"/>
  <system-out>
    <![CDATA[VerifyVendorUserDetails]]>
  </system-out>
  <testcase classname="com.tptrac.testscript.VendorUserManagement" name="testUpdateVendorUser" time="5.356"/>
  <system-out>
    <![CDATA[UpdateVendorUser]]>
  </system-out>
  <testcase classname="com.tptrac.testscript.VendorUserManagement" name="searchVendorUser" time="19.935"/>
  <system-out>
    <![CDATA[search updated VendorUser]]>
  </system-out>
  <testcase classname="com.tptrac.testscript.VendorUserManagement" name="DisabledVendorUser" time="32.339"/>
  <system-out>
    <![CDATA[Add & Disabled Vendor User]]>
  </system-out>
  <testcase classname="com.tptrac.testscript.VendorUserManagement" name="ChangeVendorUserStatus" time="42.002"/>
  <system-out>
    <![CDATA[ChangeVendorUserStatus]]>
  </system-out>
  <testcase classname="com.tptrac.testscript.VendorUserManagement" name="ExportExcel" time="6.368"/>
  <system-out>
    <![CDATA[Export to Excel test started]]>
  </system-out>
</testsuite> <!-- com.tptrac.testscript.VendorUserManagement -->
