<?xml version="1.0" encoding="UTF-8"?>
<!-- Generated by org.testng.reporters.JUnitReportReporter -->
<testsuite hostname="SALT247" failures="0" tests="1" name="com.tptrac.testscript.DeleteVendorCategory" time="30.134" errors="0" timestamp="2025-10-08T18:39:17 IST" skipped="0">
  <testcase classname="com.tptrac.testscript.DeleteVendorCategory" name="deleteVendorCategory" time="30.134"/>
  <system-out>
    <![CDATA[DeleteVendorCategory]]>
  </system-out>
</testsuite> <!-- com.tptrac.testscript.DeleteVendorCategory -->
