<?xml version="1.0" encoding="UTF-8"?>
<!-- Generated by org.testng.reporters.JUnitReportReporter -->
<testsuite hostname="SALT247" failures="0" tests="2" name="com.tptrac.testscript.AssessmentManagementModule" time="57.159" errors="0" timestamp="2023-08-04T14:02:29 IST" skipped="1">
  <testcase classname="com.tptrac.testscript.AssessmentManagementModule" name="approveSchedule" time="57.159"/>
  <system-out>
    <![CDATA[ApproveNewCalendar]]>
  </system-out>
  <testcase classname="com.tptrac.testscript.AssessmentManagementModule" name="testCreateNewAssessment">
    <skipped/>
  </testcase> <!-- testCreateNewAssessment -->
  <system-out/>
</testsuite> <!-- com.tptrac.testscript.AssessmentManagementModule -->
