<?xml version="1.0" encoding="UTF-8"?>
<!-- Generated by org.testng.reporters.JUnitReportReporter -->
<testsuite hostname="SALT247" failures="0" tests="9" name="com.tptrac.testscript.Frameworkquestionupload" time="149.911" errors="0" timestamp="2025-07-11T16:31:25 IST" skipped="1">
  <testcase classname="com.tptrac.testscript.Frameworkquestionupload" name="addframework" time="5.434"/>
  <system-out>
    <![CDATA[AddFramework
assertTrue
assertTrueInitiatedstatuscode]]>
  </system-out>
  <testcase classname="com.tptrac.testscript.Frameworkquestionupload" name="FrameworkUploadcancel" time="14.253"/>
  <system-out>
    <![CDATA[FrameworkUploadcancel
assertTrue]]>
  </system-out>
  <testcase classname="com.tptrac.testscript.Frameworkquestionupload" name="invalidfile" time="12.762"/>
  <system-out>
    <![CDATA[Invalid File Upload Test
assertTruePASS]]>
  </system-out>
  <testcase classname="com.tptrac.testscript.Frameworkquestionupload" name="FrameworkUpload" time="17.084"/>
  <system-out>
    <![CDATA[FrameworkUpload
Upload button intercepted. Performing JavaScript click.
assertTrueADDED
assertTruePASS]]>
  </system-out>
  <testcase classname="com.tptrac.testscript.Frameworkquestionupload" name="invalidfileFQ" time="32.183"/>
  <system-out>
    <![CDATA[invalidfileFQ
assertTruePASS]]>
  </system-out>
  <testcase classname="com.tptrac.testscript.Frameworkquestionupload" name="FrameworkQuestionUpload" time="33.514"/>
  <system-out>
    <![CDATA[FrameworkQuestionUpload
assertTrueADDED
assertTruePASS]]>
  </system-out>
  <testcase classname="com.tptrac.testscript.Frameworkquestionupload" name="SubmitFramework" time="13.666"/>
  <system-out>
    <![CDATA[SubmitFramework
assertTrueSumittedstatuscode]]>
  </system-out>
  <testcase classname="com.tptrac.testscript.Frameworkquestionupload" name="approveFramework" time="21.015"/>
  <system-out>
    <![CDATA[approveFramework
assertTrueApprovestatuscode]]>
  </system-out>
  <testcase classname="com.tptrac.testscript.Frameworkquestionupload" name="FrameworkquestionUploadcancel">
    <skipped/>
  </testcase> <!-- FrameworkquestionUploadcancel -->
  <system-out/>
</testsuite> <!-- com.tptrac.testscript.Frameworkquestionupload -->
