<?xml version="1.0" encoding="UTF-8"?>
<!-- Generated by org.testng.reporters.JUnitReportReporter -->
<testsuite hostname="SALT247" failures="0" tests="4" name="com.tptrac.testscript.VendorUploadModule" time="53.633" errors="0" timestamp="2025-07-11T16:31:25 IST" skipped="1">
  <testcase classname="com.tptrac.testscript.VendorUploadModule" name="AddVendorCategory" time="5.637"/>
  <system-out>
    <![CDATA[AddVendorCategoryforUploadthroughExcel]]>
  </system-out>
  <testcase classname="com.tptrac.testscript.VendorUploadModule" name="invalidfilevendor" time="9.950"/>
  <system-out>
    <![CDATA[InvalidVendorUploadFile
assertTrue]]>
  </system-out>
  <testcase classname="com.tptrac.testscript.VendorUploadModule" name="testVendorUpload" time="38.046"/>
  <system-out>
    <![CDATA[VendorUpload
assertTrueADDED
assertTruePASS
assertTrueADDED
assertTruePASS]]>
  </system-out>
  <testcase classname="com.tptrac.testscript.VendorUploadModule" name="vendorUploadCancel">
    <skipped/>
  </testcase> <!-- vendorUploadCancel -->
  <system-out/>
</testsuite> <!-- com.tptrac.testscript.VendorUploadModule -->
