<?xml version="1.0" encoding="UTF-8"?>
<!-- Generated by org.testng.reporters.JUnitReportReporter -->
<testsuite hostname="SALT247" failures="0" tests="9" name="com.tptrac.testscript.QuestionaryBasedAssessmentModule" time="840.617" errors="0" timestamp="2025-07-11T16:31:24 IST" skipped="0">
  <testcase classname="com.tptrac.testscript.QuestionaryBasedAssessmentModule" name="AssessmentQuestionnairLibrarby" time="133.173"/>
  <system-out>
    <![CDATA[AssessmentQuestionnairLibrarby
Asserttrue]]>
  </system-out>
  <testcase classname="com.tptrac.testscript.QuestionaryBasedAssessmentModule" name="Vendorquestionsubmit" time="114.635"/>
  <system-out>
    <![CDATA[Vendorquestionsubmit
Asserttrue]]>
  </system-out>
  <testcase classname="com.tptrac.testscript.QuestionaryBasedAssessmentModule" name="AuditorQuestionAssessmentReview" time="193.660"/>
  <system-out>
    <![CDATA[auditorAssessmentReview
Asserttrue]]>
  </system-out>
  <testcase classname="com.tptrac.testscript.QuestionaryBasedAssessmentModule" name="vendorobservationplanning" time="104.929"/>
  <system-out>
    <![CDATA[assessmentobservationplanning
Asserttrue]]>
  </system-out>
  <testcase classname="com.tptrac.testscript.QuestionaryBasedAssessmentModule" name="Auditorobservationplanning" time="69.753"/>
  <system-out>
    <![CDATA[Assessmentobservationplanning
Asserttrue]]>
  </system-out>
  <testcase classname="com.tptrac.testscript.QuestionaryBasedAssessmentModule" name="VendorObservationLifeCycleSubmit" time="85.907"/>
  <system-out>
    <![CDATA[Vendorobservation
Asserttrue]]>
  </system-out>
  <testcase classname="com.tptrac.testscript.QuestionaryBasedAssessmentModule" name="AuditorObservationReviewSumbit" time="98.909"/>
  <system-out>
    <![CDATA[Auditorobservation
Asserttrue]]>
  </system-out>
  <testcase classname="com.tptrac.testscript.QuestionaryBasedAssessmentModule" name="VerifyVendorQuestionaryAssessStatus" time="31.226"/>
  <system-out>
    <![CDATA[Vendorquestionsubmit]]>
  </system-out>
  <testcase classname="com.tptrac.testscript.QuestionaryBasedAssessmentModule" name="VerifySearchQuestionaryAssessment" time="8.425"/>
  <system-out>
    <![CDATA[AssessmentQuestionnairLibrarby]]>
  </system-out>
</testsuite> <!-- com.tptrac.testscript.QuestionaryBasedAssessmentModule -->
