<?xml version="1.0" encoding="UTF-8"?>
<!-- Generated by org.testng.reporters.JUnitReportReporter -->
<testsuite hostname="SALT247" failures="0" tests="16" name="com.tptrac.testscript.FrameworksModule" time="52.509" errors="0" timestamp="2024-10-29T16:45:24 IST" skipped="15">
  <testcase classname="com.tptrac.testscript.FrameworksModule" name="addFramework" time="52.509"/>
  <system-out>
    <![CDATA[AddFramework
assertTrue
assertTrueInitiatedstatuscode]]>
  </system-out>
  <testcase classname="com.tptrac.testscript.FrameworksModule" name="testAddFrameworkBlankField">
    <skipped/>
  </testcase> <!-- testAddFrameworkBlankField -->
  <system-out/>
  <testcase classname="com.tptrac.testscript.FrameworksModule" name="AddNodeData">
    <skipped/>
  </testcase> <!-- AddNodeData -->
  <system-out/>
  <testcase classname="com.tptrac.testscript.FrameworksModule" name="SendbackFramework">
    <skipped/>
  </testcase> <!-- SendbackFramework -->
  <system-out/>
  <testcase classname="com.tptrac.testscript.FrameworksModule" name="ModificationNodeData">
    <skipped/>
  </testcase> <!-- ModificationNodeData -->
  <system-out/>
  <testcase classname="com.tptrac.testscript.FrameworksModule" name="searchFramework">
    <skipped/>
  </testcase> <!-- searchFramework -->
  <system-out/>
  <testcase classname="com.tptrac.testscript.FrameworksModule" name="UpdateNodemeta">
    <skipped/>
  </testcase> <!-- UpdateNodemeta -->
  <system-out/>
  <testcase classname="com.tptrac.testscript.FrameworksModule" name="VerifyFrameworkTab">
    <skipped/>
  </testcase> <!-- VerifyFrameworkTab -->
  <system-out/>
  <testcase classname="com.tptrac.testscript.FrameworksModule" name="AddNodeDataControl">
    <skipped/>
  </testcase> <!-- AddNodeDataControl -->
  <system-out/>
  <testcase classname="com.tptrac.testscript.FrameworksModule" name="VeiwFrameworkList">
    <skipped/>
  </testcase> <!-- VeiwFrameworkList -->
  <system-out/>
  <testcase classname="com.tptrac.testscript.FrameworksModule" name="AddNodeChild">
    <skipped/>
  </testcase> <!-- AddNodeChild -->
  <system-out/>
  <testcase classname="com.tptrac.testscript.FrameworksModule" name="AddandDeleteFramework">
    <skipped/>
  </testcase> <!-- AddandDeleteFramework -->
  <system-out/>
  <testcase classname="com.tptrac.testscript.FrameworksModule" name="AddNodeMeta">
    <skipped/>
  </testcase> <!-- AddNodeMeta -->
  <system-out/>
  <testcase classname="com.tptrac.testscript.FrameworksModule" name="UpdateNodeData">
    <skipped/>
  </testcase> <!-- UpdateNodeData -->
  <system-out/>
  <testcase classname="com.tptrac.testscript.FrameworksModule" name="UpdateFramework">
    <skipped/>
  </testcase> <!-- UpdateFramework -->
  <system-out/>
  <testcase classname="com.tptrac.testscript.FrameworksModule" name="verificationofweightage">
    <skipped/>
  </testcase> <!-- verificationofweightage -->
  <system-out/>
</testsuite> <!-- com.tptrac.testscript.FrameworksModule -->
